<?xml version="1.0" encoding="UTF-8"?>
<!-- Generated by org.testng.reporters.JUnitXMLReporter -->
<testsuite ignored="0" hostname="DESKTOP-9OGV5KH" failures="0" tests="2" name="Error Validation Test" time="12.575" errors="0" timestamp="2025-01-01T23:49:26 IST">
  <testcase classname="rahulshettyacademy.tests.ErrorValidations" name="LoginErrorValidation" time="0.669"/>
  <testcase classname="rahulshettyacademy.tests.ErrorValidations" name="ProductErrorValidation" time="2.544"/>
</testsuite> <!-- Error Validation Test -->
