<?xml version="1.0" encoding="UTF-8"?>
<testng-results ignored="0" total="1" passed="1" failed="0" skipped="0">
  <reporter-output>
  </reporter-output>
  <suite started-at="2025-01-01T23:57:25 IST" name="Suite" finished-at="2025-01-01T23:57:33 IST" duration-ms="8369">
    <groups>
      <group name="ErrorHandling">
        <method signature="ErrorValidations.LoginErrorValidation()[pri:0, instance:rahulshettyacademy.tests.ErrorValidations@4afcd809]" name="LoginErrorValidation" class="rahulshettyacademy.tests.ErrorValidations"/>
      </group> <!-- ErrorHandling -->
    </groups>
    <test started-at="2025-01-01T23:57:25 IST" name="Submit Order Test" finished-at="2025-01-01T23:57:25 IST" duration-ms="15">
    </test> <!-- Submit Order Test -->
    <test started-at="2025-01-01T23:57:25 IST" name="Error Validation Test" finished-at="2025-01-01T23:57:33 IST" duration-ms="8369">
      <class name="rahulshettyacademy.tests.ErrorValidations">
        <test-method is-config="true" signature="launchApplication()[pri:0, instance:rahulshettyacademy.tests.ErrorValidations@4afcd809]" started-at="2025-01-01T23:57:25 IST" name="launchApplication" finished-at="2025-01-01T23:57:32 IST" duration-ms="7451" status="PASS">
          <reporter-output>
          </reporter-output>
        </test-method> <!-- launchApplication -->
        <test-method signature="LoginErrorValidation()[pri:0, instance:rahulshettyacademy.tests.ErrorValidations@4afcd809]" started-at="2025-01-01T23:57:32 IST" name="LoginErrorValidation" finished-at="2025-01-01T23:57:33 IST" duration-ms="749" status="PASS">
          <reporter-output>
          </reporter-output>
        </test-method> <!-- LoginErrorValidation -->
        <test-method is-config="true" signature="tearDown()[pri:0, instance:rahulshettyacademy.tests.ErrorValidations@4afcd809]" started-at="2025-01-01T23:57:33 IST" name="tearDown" finished-at="2025-01-01T23:57:33 IST" duration-ms="88" status="PASS">
          <reporter-output>
          </reporter-output>
        </test-method> <!-- tearDown -->
      </class> <!-- rahulshettyacademy.tests.ErrorValidations -->
    </test> <!-- Error Validation Test -->
  </suite> <!-- Suite -->
</testng-results>
